<?xml version="1.0" encoding="UTF-8"?>
<!-- Generated by org.testng.reporters.JUnitReportReporter -->
<testsuite skipped="0" hostname="DESKTOP-AMSG348" name="org.practiceSession.com.MouseOverExample2" tests="1" failures="0" timestamp="2020-01-09T00:22:32 IST" time="24.568" errors="0">
  <testcase name="mouseOver" time="24.568" classname="org.practiceSession.com.MouseOverExample2"/>
</testsuite> <!-- org.practiceSession.com.MouseOverExample2 -->
