<?xml version="1.0" encoding="UTF-8"?>
<!-- Generated by org.testng.reporters.JUnitReportReporter -->
<testsuite skipped="0" hostname="DESKTOP-AMSG348" name="org.practiceSession.com.TC01" tests="1" failures="0" timestamp="2020-01-08T23:35:43 IST" time="30.749" errors="0">
  <testcase name="testCase01" time="30.749" classname="org.practiceSession.com.TC01"/>
</testsuite> <!-- org.practiceSession.com.TC01 -->
