<?xml version="1.0" encoding="UTF-8"?>
<!-- Generated by org.testng.reporters.JUnitReportReporter -->
<testsuite skipped="0" hostname="DESKTOP-AMSG348" name="org.projectName.com.SearchNaukri" tests="1" failures="0" timestamp="2019-12-31T00:21:08 IST" time="20.893" errors="0">
  <testcase name="testSearchNaukri" time="20.893" classname="org.projectName.com.SearchNaukri"/>
</testsuite> <!-- org.projectName.com.SearchNaukri -->
