<?xml version="1.0" encoding="UTF-8"?>
<!-- Generated by org.testng.reporters.JUnitReportReporter -->
<testsuite skipped="0" hostname="DESKTOP-AMSG348" name="org.practiceSession.com.MouseOverExample" tests="1" failures="0" timestamp="2020-01-08T23:43:26 IST" time="25.677" errors="0">
  <testcase name="mouseOver" time="25.677" classname="org.practiceSession.com.MouseOverExample"/>
</testsuite> <!-- org.practiceSession.com.MouseOverExample -->
