<?xml version="1.0" encoding="UTF-8"?>
<!-- Generated by org.testng.reporters.JUnitReportReporter -->
<testsuite skipped="0" hostname="DESKTOP-AMSG348" name="org.testCases.com.TC02" tests="1" failures="0" timestamp="2020-01-15T23:56:54 IST" time="24.604" errors="0">
  <testcase name="testCase02" time="24.604" classname="org.testCases.com.TC02"/>
</testsuite> <!-- org.testCases.com.TC02 -->
