<?xml version="1.0" encoding="UTF-8"?>
<!-- Generated by org.testng.reporters.JUnitReportReporter -->
<testsuite skipped="0" hostname="DESKTOP-AMSG348" name="myPack01.TC01" tests="1" failures="0" timestamp="2020-03-01T15:06:10 IST" time="50.606" errors="0">
  <testcase name="testCase01" time="50.606" classname="myPack01.TC01"/>
</testsuite> <!-- myPack01.TC01 -->
